# JRE version: Java(TM) SE Runtime Environment (21.0.1+12) (build 21.0.1+12-LTS-29)
# Java VM: Java HotSpot(TM) 64-Bit Server VM (21.0.1+12-LTS-29, mixed mode, sharing, tiered, compressed oops, compressed class ptrs, g1 gc, windows-amd64)
GC Precious Log:
 CardTable entry size: 512
 Card Set container configuration: InlinePtr #cards 5 size 8 Array Of Cards #cards 12 size 40 Howl #buckets 4 coarsen threshold 1843 Howl Bitmap #cards 512 size 80 coarsen threshold 460 Card regions per heap region 1 cards per card region 2048
 CPUs: 8 total, 8 available
 Memory: 7991M
 Large Page Support: Disabled
 NUMA Support: Disabled
 Compressed Oops: Enabled (32-bit)
 Heap Region Size: 1M
 Heap Min Capacity: 8M
 Heap Initial Capacity: 126M
 Heap Max Capacity: 1998M
 Pre-touch: Disabled
 Parallel Workers: 8
 Concurrent Workers: 2
 Concurrent Refinement Workers: 8
 Periodic GC: Disabled
Heap:
 garbage-first heap   total 59392K, used 28120K [0x0000000083200000, 0x0000000100000000)
  region size 1024K, 5 young (5120K), 1 survivors (1024K)
 Metaspace       used 25340K, committed 25600K, reserved 1114112K
  class space    used 2718K, committed 2816K, reserved 1048576K
GC Heap History (10 events):
Event: 8.698 GC heap before
{Heap before GC invocations=0 (full 0):
 garbage-first heap   total 129024K, used 29696K [0x0000000083200000, 0x0000000100000000)
  region size 1024K, 23 young (23552K), 0 survivors (0K)
 Metaspace       used 13451K, committed 13632K, reserved 1114112K
  class space    used 1457K, committed 1536K, reserved 1048576K
}
Event: 8.704 GC heap after
{Heap after GC invocations=1 (full 0):
 garbage-first heap   total 129024K, used 12850K [0x0000000083200000, 0x0000000100000000)
  region size 1024K, 3 young (3072K), 3 survivors (3072K)
 Metaspace       used 13451K, committed 13632K, reserved 1114112K
  class space    used 1457K, committed 1536K, reserved 1048576K
}
Event: 9.778 GC heap before
{Heap before GC invocations=1 (full 0):
 garbage-first heap   total 129024K, used 24114K [0x0000000083200000, 0x0000000100000000)
  region size 1024K, 16 young (16384K), 3 survivors (3072K)
 Metaspace       used 21251K, committed 21504K, reserved 1114112K
  class space    used 2295K, committed 2432K, reserved 1048576K
}
Event: 9.782 GC heap after
{Heap after GC invocations=2 (full 0):
 garbage-first heap   total 129024K, used 14444K [0x0000000083200000, 0x0000000100000000)
  region size 1024K, 2 young (2048K), 2 survivors (2048K)
 Metaspace       used 21251K, committed 21504K, reserved 1114112K
  class space    used 2295K, committed 2432K, reserved 1048576K
}
Event: 20.452 GC heap before
{Heap before GC invocations=3 (full 0):
 garbage-first heap   total 55296K, used 54380K [0x0000000083200000, 0x0000000100000000)
  region size 1024K, 25 young (25600K), 2 survivors (2048K)
 Metaspace       used 24508K, committed 24832K, reserved 1114112K
  class space    used 2688K, committed 2816K, reserved 1048576K
}
Event: 20.455 GC heap after
{Heap after GC invocations=4 (full 0):
 garbage-first heap   total 59392K, used 32747K [0x0000000083200000, 0x0000000100000000)
  region size 1024K, 4 young (4096K), 4 survivors (4096K)
 Metaspace       used 24508K, committed 24832K, reserved 1114112K
  class space    used 2688K, committed 2816K, reserved 1048576K
}
Event: 35.820 GC heap before
{Heap before GC invocations=4 (full 0):
 garbage-first heap   total 59392K, used 49131K [0x0000000083200000, 0x0000000100000000)
  region size 1024K, 20 young (20480K), 4 survivors (4096K)
 Metaspace       used 25050K, committed 25344K, reserved 1114112K
  class space    used 2714K, committed 2816K, reserved 1048576K
}
Event: 35.824 GC heap after
{Heap after GC invocations=5 (full 0):
 garbage-first heap   total 59392K, used 25245K [0x0000000083200000, 0x0000000100000000)
  region size 1024K, 1 young (1024K), 1 survivors (1024K)
 Metaspace       used 25050K, committed 25344K, reserved 1114112K
  class space    used 2714K, committed 2816K, reserved 1048576K
}
Event: 75.672 GC heap before
{Heap before GC invocations=5 (full 0):
 garbage-first heap   total 59392K, used 47773K [0x0000000083200000, 0x0000000100000000)
  region size 1024K, 23 young (23552K), 1 survivors (1024K)
 Metaspace       used 25318K, committed 25536K, reserved 1114112K
  class space    used 2718K, committed 2816K, reserved 1048576K
}
Event: 75.686 GC heap after
{Heap after GC invocations=6 (full 0):
 garbage-first heap   total 59392K, used 25048K [0x0000000083200000, 0x0000000100000000)
  region size 1024K, 1 young (1024K), 1 survivors (1024K)
 Metaspace       used 25318K, committed 25536K, reserved 1114112K
  class space    used 2718K, committed 2816K, reserved 1048576K
}

